<?xml version="1.0" encoding="UTF-8"?>
<!-- Generated by org.testng.reporters.JUnitReportReporter -->
<testsuite skipped="0" hostname="Admin-Pc" name="week3.day3.DeleteLead" tests="1" failures="0" timestamp="2019-11-04T11:59:03 IST" time="35.669" errors="0">
  <testcase name="runDeleteLead" time="35.669" classname="week3.day3.DeleteLead"/>
</testsuite> <!-- week3.day3.DeleteLead -->
