<?xml version="1.0" encoding="UTF-8"?>
<!-- Generated by org.testng.reporters.JUnitReportReporter -->
<testsuite skipped="0" hostname="Admin-Pc" name="week4.day1.DeleteLead" tests="1" failures="0" timestamp="2019-11-04T21:09:36 IST" time="29.902" errors="0">
  <testcase name="runDeleteLead" time="29.902" classname="week4.day1.DeleteLead"/>
</testsuite> <!-- week4.day1.DeleteLead -->
