<?xml version="1.0" encoding="UTF-8"?>
<!-- Generated by org.testng.reporters.JUnitReportReporter -->
<testsuite skipped="0" hostname="Admin-Pc" name="week1.assignment.DeleteLead" tests="1" failures="0" timestamp="2019-10-31T12:06:42 IST" time="25.011" errors="0">
  <testcase name="runDeleteLead" time="25.011" classname="week1.assignment.DeleteLead"/>
</testsuite> <!-- week1.assignment.DeleteLead -->
