<?xml version="1.0" encoding="UTF-8"?>
<!-- Generated by org.testng.reporters.JUnitReportReporter -->
<testsuite skipped="0" hostname="Admin-Pc" name="week3.day3.EditLead" tests="1" failures="0" timestamp="2019-11-04T11:59:03 IST" time="26.633" errors="0">
  <testcase name="runEditLead" time="26.633" classname="week3.day3.EditLead"/>
</testsuite> <!-- week3.day3.EditLead -->
