<?xml version="1.0" encoding="UTF-8"?>
<!-- Generated by org.testng.reporters.JUnitReportReporter -->
<testsuite skipped="0" hostname="Admin-Pc" name="week3.day3.CreateLead" tests="1" failures="0" timestamp="2019-11-04T11:59:03 IST" time="18.564" errors="0">
  <testcase name="runCreateLead" time="18.564" classname="week3.day3.CreateLead"/>
</testsuite> <!-- week3.day3.CreateLead -->
